{"level":"info","message":"PDF service listening at http://localhost:3000","timestamp":"2025-11-06T11:56:43.758Z"}
{"level":"info","message":"Generating PDF with template: invoice","timestamp":"2025-11-06T12:19:05.699Z"}
{"level":"error","message":"PDF generation failed: Failed to generate PDF: ENOENT: no such file or directory, open 'E:\\Pdf Maker\\node_modules\\pdfmake\\fonts\\Roboto\\Roboto-Medium.ttf'","stack":"Error: Failed to generate PDF: ENOENT: no such file or directory, open 'E:\\Pdf Maker\\node_modules\\pdfmake\\fonts\\Roboto\\Roboto-Medium.ttf'\n    at PdfService.generatePdf (file:///E:/Pdf%20Maker/src/pdfService.js:75:19)\n    at process.processTicksAndRejections (node:internal/process/task_queues:105:5)\n    at async file:///E:/Pdf%20Maker/server.js:53:24","timestamp":"2025-11-06T12:19:05.707Z"}
{"level":"info","message":"PDF service listening at http://localhost:3000","timestamp":"2025-11-06T12:26:58.624Z"}
{"level":"info","message":"Generating PDF with template: invoice","timestamp":"2025-11-06T12:28:06.254Z"}
{"level":"error","message":"PDF generation failed: Failed to generate PDF: ENOENT: no such file or directory, open 'E:\\Pdf Maker\\node_modules\\pdfmake\\fonts\\Roboto\\Roboto-Medium.ttf'","stack":"Error: Failed to generate PDF: ENOENT: no such file or directory, open 'E:\\Pdf Maker\\node_modules\\pdfmake\\fonts\\Roboto\\Roboto-Medium.ttf'\n    at PdfService.generatePdf (file:///E:/Pdf%20Maker/src/pdfService.js:75:19)\n    at process.processTicksAndRejections (node:internal/process/task_queues:105:5)\n    at async file:///E:/Pdf%20Maker/server.js:53:24","timestamp":"2025-11-06T12:28:06.264Z"}
{"level":"info","message":"Generating PDF with template: invoice","timestamp":"2025-11-06T12:28:14.078Z"}
{"level":"error","message":"PDF generation failed: Failed to generate PDF: ENOENT: no such file or directory, open 'E:\\Pdf Maker\\node_modules\\pdfmake\\fonts\\Roboto\\Roboto-Medium.ttf'","stack":"Error: Failed to generate PDF: ENOENT: no such file or directory, open 'E:\\Pdf Maker\\node_modules\\pdfmake\\fonts\\Roboto\\Roboto-Medium.ttf'\n    at PdfService.generatePdf (file:///E:/Pdf%20Maker/src/pdfService.js:75:19)\n    at process.processTicksAndRejections (node:internal/process/task_queues:105:5)\n    at async file:///E:/Pdf%20Maker/server.js:53:24","timestamp":"2025-11-06T12:28:14.080Z"}
{"level":"info","message":"PDF service listening at http://localhost:3000","timestamp":"2025-11-06T12:33:50.863Z"}
{"level":"info","message":"Generating PDF with template: invoice","timestamp":"2025-11-06T12:33:57.244Z"}
{"level":"error","message":"PDF generation failed: Failed to generate PDF: undefined","stack":"Error: Failed to generate PDF: undefined\n    at PdfService.generatePdf (file:///E:/Pdf%20Maker/src/pdfService.js:83:19)\n    at process.processTicksAndRejections (node:internal/process/task_queues:105:5)\n    at async file:///E:/Pdf%20Maker/server.js:53:24","timestamp":"2025-11-06T12:33:57.309Z"}
{"level":"info","message":"PDF service listening at http://localhost:3000","timestamp":"2025-11-06T12:45:51.165Z"}
{"level":"info","message":"Generating PDF with template: invoice","timestamp":"2025-11-06T12:46:10.287Z"}
{"level":"error","message":"PDF generation failed: Failed to generate PDF: undefined","stack":"Error: Failed to generate PDF: undefined\n    at PdfService.generatePdf (file:///E:/Pdf%20Maker/src/pdfService.js:83:19)\n    at process.processTicksAndRejections (node:internal/process/task_queues:105:5)\n    at async file:///E:/Pdf%20Maker/server.js:53:24","timestamp":"2025-11-06T12:46:10.346Z"}
{"level":"info","message":"PDF service listening at http://localhost:3000","timestamp":"2025-11-06T12:48:39.670Z"}
{"level":"info","message":"Generating PDF with template: invoice","timestamp":"2025-11-06T12:48:44.722Z"}
{"level":"error","message":"PDF generation failed: Failed to generate PDF: undefined","stack":"Error: Failed to generate PDF: undefined\n    at PdfService.generatePdf (file:///E:/Pdf%20Maker/src/pdfService.js:83:19)\n    at process.processTicksAndRejections (node:internal/process/task_queues:105:5)\n    at async file:///E:/Pdf%20Maker/server.js:53:24","timestamp":"2025-11-06T12:48:44.788Z"}
{"level":"info","message":"PDF service listening at http://localhost:3000","timestamp":"2025-11-06T12:50:27.750Z"}
{"level":"info","message":"Generating PDF with template: invoice","timestamp":"2025-11-06T12:50:31.012Z"}
{"level":"error","message":"PDF generation failed: Failed to generate PDF: fs.existsSync is not a function","stack":"Error: Failed to generate PDF: fs.existsSync is not a function\n    at PdfService.generatePdf (file:///E:/Pdf%20Maker/src/pdfService.js:85:19)\n    at file:///E:/Pdf%20Maker/server.js:53:41\n    at Layer.handle [as handle_request] (E:\\Pdf Maker\\node_modules\\express\\lib\\router\\layer.js:95:5)\n    at next (E:\\Pdf Maker\\node_modules\\express\\lib\\router\\route.js:149:13)\n    at Route.dispatch (E:\\Pdf Maker\\node_modules\\express\\lib\\router\\route.js:119:3)\n    at Layer.handle [as handle_request] (E:\\Pdf Maker\\node_modules\\express\\lib\\router\\layer.js:95:5)\n    at E:\\Pdf Maker\\node_modules\\express\\lib\\router\\index.js:284:15\n    at Function.process_params (E:\\Pdf Maker\\node_modules\\express\\lib\\router\\index.js:346:12)\n    at next (E:\\Pdf Maker\\node_modules\\express\\lib\\router\\index.js:280:10)\n    at E:\\Pdf Maker\\node_modules\\body-parser\\lib\\read.js:137:5","timestamp":"2025-11-06T12:50:31.013Z"}
{"level":"info","message":"PDF service listening at http://localhost:3000","timestamp":"2025-11-06T12:53:10.492Z"}
{"level":"info","message":"Generating PDF with template: invoice","timestamp":"2025-11-06T12:53:22.356Z"}
{"level":"error","message":"PDF generation failed: Failed to generate PDF: undefined","stack":"Error: Failed to generate PDF: undefined\n    at PdfService.generatePdf (file:///E:/Pdf%20Maker/src/pdfService.js:84:19)\n    at process.processTicksAndRejections (node:internal/process/task_queues:105:5)\n    at async file:///E:/Pdf%20Maker/server.js:53:24","timestamp":"2025-11-06T12:53:22.456Z"}
{"level":"info","message":"PDF service listening at http://localhost:3000","timestamp":"2025-11-06T12:54:18.378Z"}
{"level":"info","message":"Generating PDF with template: invoice","timestamp":"2025-11-06T12:54:22.107Z"}
{"level":"error","message":"PDF generation failed: Failed to generate PDF: fs.createWriteStream is not a function","stack":"Error: Failed to generate PDF: fs.createWriteStream is not a function\n    at PdfService.generatePdf (file:///E:/Pdf%20Maker/src/pdfService.js:84:19)\n    at process.processTicksAndRejections (node:internal/process/task_queues:105:5)\n    at async file:///E:/Pdf%20Maker/server.js:53:24","timestamp":"2025-11-06T12:54:22.193Z"}
{"level":"info","message":"PDF service listening at http://localhost:3000","timestamp":"2025-11-06T12:56:13.799Z"}
{"level":"info","message":"Generating PDF with template: invoice","timestamp":"2025-11-06T12:56:17.925Z"}
{"level":"info","message":"PDF generated successfully: E:\\Pdf Maker\\output\\document.pdf","timestamp":"2025-11-06T12:56:18.057Z"}
{"level":"info","message":"PDF service listening at http://localhost:3000","timestamp":"2025-11-07T05:14:22.924Z"}
{"level":"info","message":"PDF service listening at http://localhost:3000","timestamp":"2025-11-07T05:48:20.105Z"}
{"level":"info","message":"Generating PDF with template: invoice","timestamp":"2025-11-07T05:49:15.897Z"}
{"level":"error","message":"PDF generation failed: Failed to generate PDF: undefined","stack":"Error: Failed to generate PDF: undefined\n    at PdfService.generatePdf (file:///E:/Pdf%20Maker/src/pdfService.js:86:19)\n    at process.processTicksAndRejections (node:internal/process/task_queues:105:5)\n    at async file:///E:/Pdf%20Maker/server.js:53:24","timestamp":"2025-11-07T05:49:15.990Z"}
{"level":"info","message":"PDF service listening at http://localhost:3000","timestamp":"2025-11-07T05:50:57.254Z"}
{"level":"info","message":"PDF service listening at http://localhost:3000","timestamp":"2025-11-07T05:51:18.357Z"}
{"level":"info","message":"PDF service listening at http://localhost:3000","timestamp":"2025-11-07T05:52:00.873Z"}
{"level":"info","message":"PDF service listening at http://localhost:3000","timestamp":"2025-11-07T05:52:36.337Z"}
{"level":"info","message":"PDF service listening at http://localhost:3000","timestamp":"2025-11-07T05:53:18.635Z"}
{"level":"info","message":"PDF service listening at http://localhost:3000","timestamp":"2025-11-07T05:55:19.503Z"}
{"level":"info","message":"PDF service listening at http://localhost:3000","timestamp":"2025-11-07T05:55:47.249Z"}
{"level":"info","message":"PDF service listening at http://localhost:3000","timestamp":"2025-11-07T05:56:12.492Z"}
{"level":"info","message":"PDF service listening at http://localhost:3000","timestamp":"2025-11-07T05:57:37.192Z"}
{"level":"info","message":"PDF service listening at http://localhost:3000","timestamp":"2025-11-07T05:59:52.113Z"}
{"level":"info","message":"Generating PDF with template: invoice","timestamp":"2025-11-07T06:03:28.652Z"}
{"level":"error","message":"PDF generation failed: Failed to generate PDF: undefined","stack":"Error: Failed to generate PDF: undefined\n    at PdfService.generatePdf (file:///E:/Pdf%20Maker/src/pdfService.js:86:19)\n    at process.processTicksAndRejections (node:internal/process/task_queues:105:5)\n    at async file:///E:/Pdf%20Maker/server.js:53:24","timestamp":"2025-11-07T06:03:28.729Z"}
{"level":"info","message":"PDF service listening at http://localhost:3000","timestamp":"2025-11-07T06:03:42.674Z"}
{"level":"info","message":"Generating PDF with template: invoice","timestamp":"2025-11-07T06:04:17.753Z"}
{"level":"error","message":"PDF generation failed: Failed to generate PDF: undefined","stack":"Error: Failed to generate PDF: undefined\n    at PdfService.generatePdf (file:///E:/Pdf%20Maker/src/pdfService.js:86:19)\n    at process.processTicksAndRejections (node:internal/process/task_queues:105:5)\n    at async file:///E:/Pdf%20Maker/server.js:53:24","timestamp":"2025-11-07T06:04:17.818Z"}
{"level":"info","message":"PDF service listening at http://localhost:3000","timestamp":"2025-11-07T06:06:23.803Z"}
{"level":"info","message":"PDF service listening at http://localhost:3000","timestamp":"2025-11-07T06:07:18.259Z"}
{"level":"info","message":"Generating PDF with template: invoice","timestamp":"2025-11-07T06:07:43.106Z"}
{"level":"error","message":"PDF generation failed: Failed to generate PDF: undefined","stack":"Error: Failed to generate PDF: undefined\n    at PdfService.generatePdf (file:///E:/Pdf%20Maker/src/pdfService.js:86:19)\n    at process.processTicksAndRejections (node:internal/process/task_queues:105:5)\n    at async file:///E:/Pdf%20Maker/server.js:53:24","timestamp":"2025-11-07T06:07:43.174Z"}
{"level":"info","message":"PDF service listening at http://localhost:3000","timestamp":"2025-11-07T06:10:12.786Z"}
{"level":"info","message":"PDF service listening at http://localhost:3000","timestamp":"2025-11-07T06:11:48.979Z"}
{"level":"info","message":"Generating PDF with template: invoice","timestamp":"2025-11-07T06:12:42.131Z"}
{"level":"info","message":"PDF service listening at http://localhost:3000","timestamp":"2025-11-07T06:13:29.634Z"}
{"level":"info","message":"Generating PDF with template: invoice","timestamp":"2025-11-07T06:13:35.561Z"}
{"level":"error","message":"PDF generation failed: Failed to generate PDF: undefined","stack":"Error: Failed to generate PDF: undefined\n    at PdfService.generatePdf (file:///E:/Pdf%20Maker/src/pdfService.js:86:19)\n    at process.processTicksAndRejections (node:internal/process/task_queues:105:5)\n    at async file:///E:/Pdf%20Maker/server.js:53:24","timestamp":"2025-11-07T06:16:39.379Z"}
{"level":"info","message":"PDF service listening at http://localhost:3000","timestamp":"2025-11-07T06:21:02.037Z"}
{"level":"info","message":"Generating PDF with template: invoice","timestamp":"2025-11-07T06:21:07.710Z"}
{"level":"info","message":"PDF service listening at http://localhost:3000","timestamp":"2025-11-07T06:27:15.780Z"}
{"level":"info","message":"Generating PDF with template: invoice","timestamp":"2025-11-07T06:27:20.771Z"}
{"level":"info","message":"PDF service listening at http://localhost:3000","timestamp":"2025-11-07T06:29:18.335Z"}
{"level":"info","message":"Generating PDF with template: invoice","timestamp":"2025-11-07T06:29:21.698Z"}
{"level":"info","message":"PDF service listening at http://localhost:3000","timestamp":"2025-11-07T06:49:01.144Z"}
{"level":"info","message":"Generating PDF with template: invoice","timestamp":"2025-11-07T06:50:06.781Z"}
{"level":"error","message":"PDF generation failed: Failed to generate PDF: Unexpected reserved word","stack":"Error: Failed to generate PDF: Unexpected reserved word\n    at PdfService.generatePdf (file:///E:/Pdf%20Maker/src/pdfService.js:92:19)\n    at process.processTicksAndRejections (node:internal/process/task_queues:105:5)\n    at async file:///E:/Pdf%20Maker/server.js:53:24","timestamp":"2025-11-07T06:50:06.816Z"}
{"level":"info","message":"PDF service listening at http://localhost:3000","timestamp":"2025-11-07T06:51:23.038Z"}
{"level":"info","message":"Generating PDF with template: invoice","timestamp":"2025-11-07T06:51:26.793Z"}
{"level":"error","message":"PDF generation failed: Failed to generate PDF: Cannot find package 'node-fetch' imported from E:\\Pdf Maker\\utility\\imageHelper.js","stack":"Error: Failed to generate PDF: Cannot find package 'node-fetch' imported from E:\\Pdf Maker\\utility\\imageHelper.js\n    at PdfService.generatePdf (file:///E:/Pdf%20Maker/src/pdfService.js:92:19)\n    at process.processTicksAndRejections (node:internal/process/task_queues:105:5)\n    at async file:///E:/Pdf%20Maker/server.js:53:24","timestamp":"2025-11-07T06:51:26.801Z"}
{"level":"info","message":"PDF service listening at http://localhost:3000","timestamp":"2025-11-07T06:52:12.475Z"}
{"level":"info","message":"Generating PDF with template: invoice","timestamp":"2025-11-07T06:52:24.801Z"}
{"level":"info","message":"PDF generated successfully: E:\\Pdf Maker\\output\\INV-2025-001.pdf","timestamp":"2025-11-07T06:52:25.338Z"}
{"level":"info","message":"PDF service listening at http://localhost:3000","timestamp":"2025-11-07T07:02:30.172Z"}
{"level":"info","message":"Generating PDF with template: invoice","timestamp":"2025-11-07T07:02:35.277Z"}
{"level":"error","message":"PDF generation failed: Failed to generate PDF: Failed to load template: Missing catch or finally after try","stack":"Error: Failed to generate PDF: Failed to load template: Missing catch or finally after try\n    at PdfService.generatePdf (file:///E:/Pdf%20Maker/src/pdfService.js:165:19)\n    at process.processTicksAndRejections (node:internal/process/task_queues:105:5)\n    at async file:///E:/Pdf%20Maker/server.js:53:24","timestamp":"2025-11-07T07:02:35.295Z"}
{"level":"info","message":"PDF service listening at http://localhost:3000","timestamp":"2025-11-07T07:05:21.754Z"}
{"level":"info","message":"Generating PDF with template: invoice","timestamp":"2025-11-07T07:05:25.611Z"}
{"level":"error","message":"PDF generation failed: Failed to generate PDF: Failed to load template: Missing catch or finally after try","stack":"Error: Failed to generate PDF: Failed to load template: Missing catch or finally after try\n    at PdfService.generatePdf (file:///E:/Pdf%20Maker/src/pdfService.js:165:19)\n    at process.processTicksAndRejections (node:internal/process/task_queues:105:5)\n    at async file:///E:/Pdf%20Maker/server.js:53:24","timestamp":"2025-11-07T07:05:25.617Z"}
{"level":"info","message":"PDF service listening at http://localhost:3000","timestamp":"2025-11-07T07:07:43.556Z"}
{"level":"info","message":"Generating PDF with template: invoice","timestamp":"2025-11-07T07:07:47.244Z"}
{"level":"error","message":"PDF generation failed: Failed to generate PDF: PDF creation failed: companyLogo is not defined","stack":"Error: Failed to generate PDF: PDF creation failed: companyLogo is not defined\n    at PdfService.generatePdf (file:///E:/Pdf%20Maker/src/pdfService.js:165:19)\n    at process.processTicksAndRejections (node:internal/process/task_queues:105:5)\n    at async file:///E:/Pdf%20Maker/server.js:53:24","timestamp":"2025-11-07T07:07:49.997Z"}
{"level":"info","message":"PDF service listening at http://localhost:3000","timestamp":"2025-11-07T07:12:50.221Z"}
{"level":"info","message":"Generating PDF with template: invoice","timestamp":"2025-11-07T07:12:53.972Z"}
{"level":"error","message":"PDF generation failed: Failed to generate PDF: PDF creation failed: companyLogo is not defined","stack":"Error: Failed to generate PDF: PDF creation failed: companyLogo is not defined\n    at PdfService.generatePdf (file:///E:/Pdf%20Maker/src/pdfService.js:165:19)\n    at process.processTicksAndRejections (node:internal/process/task_queues:105:5)\n    at async file:///E:/Pdf%20Maker/server.js:53:24","timestamp":"2025-11-07T07:12:55.959Z"}
{"level":"info","message":"PDF service listening at http://localhost:3000","timestamp":"2025-11-07T07:14:00.941Z"}
{"level":"info","message":"Generating PDF with template: invoice","timestamp":"2025-11-07T07:14:05.387Z"}
{"level":"error","message":"PDF generation failed: Failed to generate PDF: PDF creation failed: companyLogo is not defined","stack":"Error: Failed to generate PDF: PDF creation failed: companyLogo is not defined\n    at PdfService.generatePdf (file:///E:/Pdf%20Maker/src/pdfService.js:165:19)\n    at process.processTicksAndRejections (node:internal/process/task_queues:105:5)\n    at async file:///E:/Pdf%20Maker/server.js:53:24","timestamp":"2025-11-07T07:14:07.127Z"}
{"level":"info","message":"Generating PDF with template: invoice","timestamp":"2025-11-07T07:14:32.233Z"}
{"level":"error","message":"PDF generation failed: Failed to generate PDF: PDF creation failed: companyLogo is not defined","stack":"Error: Failed to generate PDF: PDF creation failed: companyLogo is not defined\n    at PdfService.generatePdf (file:///E:/Pdf%20Maker/src/pdfService.js:165:19)\n    at process.processTicksAndRejections (node:internal/process/task_queues:105:5)\n    at async file:///E:/Pdf%20Maker/server.js:53:24","timestamp":"2025-11-07T07:14:34.427Z"}
{"level":"info","message":"PDF service listening at http://localhost:3000","timestamp":"2025-11-07T07:14:44.318Z"}
{"level":"info","message":"Generating PDF with template: invoice","timestamp":"2025-11-07T07:14:47.309Z"}
{"level":"error","message":"PDF generation failed: Failed to generate PDF: PDF creation failed: companyLogo is not defined","stack":"Error: Failed to generate PDF: PDF creation failed: companyLogo is not defined\n    at PdfService.generatePdf (file:///E:/Pdf%20Maker/src/pdfService.js:165:19)\n    at process.processTicksAndRejections (node:internal/process/task_queues:105:5)\n    at async file:///E:/Pdf%20Maker/server.js:53:24","timestamp":"2025-11-07T07:14:49.080Z"}
{"level":"info","message":"PDF service listening at http://localhost:3000","timestamp":"2025-11-07T07:17:57.270Z"}
{"level":"info","message":"Generating PDF with template: invoice","timestamp":"2025-11-07T07:18:01.456Z"}
{"level":"error","message":"PDF generation failed: Failed to generate PDF: PDF creation failed: undefined","stack":"Error: Failed to generate PDF: PDF creation failed: undefined\n    at PdfService.generatePdf (file:///E:/Pdf%20Maker/src/pdfService.js:165:19)\n    at process.processTicksAndRejections (node:internal/process/task_queues:105:5)\n    at async file:///E:/Pdf%20Maker/server.js:53:24","timestamp":"2025-11-07T07:18:03.275Z"}
{"level":"info","message":"PDF service listening at http://localhost:3000","timestamp":"2025-11-07T07:18:28.702Z"}
{"level":"info","message":"Generating PDF with template: invoice","timestamp":"2025-11-07T07:18:32.281Z"}
{"level":"error","message":"PDF generation failed: Failed to generate PDF: PDF creation failed: companyLogo is not defined","stack":"Error: Failed to generate PDF: PDF creation failed: companyLogo is not defined\n    at PdfService.generatePdf (file:///E:/Pdf%20Maker/src/pdfService.js:165:19)\n    at process.processTicksAndRejections (node:internal/process/task_queues:105:5)\n    at async file:///E:/Pdf%20Maker/server.js:53:24","timestamp":"2025-11-07T07:18:34.220Z"}
{"level":"info","message":"PDF service listening at http://localhost:3000","timestamp":"2025-11-07T07:23:49.888Z"}
{"level":"info","message":"Generating PDF with template: invoice","timestamp":"2025-11-07T07:23:53.548Z"}
{"level":"error","message":"PDF generation failed: Failed to generate PDF: PDF creation failed: undefined","stack":"Error: Failed to generate PDF: PDF creation failed: undefined\n    at PdfService.generatePdf (file:///E:/Pdf%20Maker/src/pdfService.js:165:19)\n    at process.processTicksAndRejections (node:internal/process/task_queues:105:5)\n    at async file:///E:/Pdf%20Maker/server.js:53:24","timestamp":"2025-11-07T07:23:55.421Z"}
{"level":"info","message":"PDF service listening at http://localhost:3000","timestamp":"2025-11-07T07:30:11.030Z"}
{"level":"info","message":"Generating PDF with template: invoice","timestamp":"2025-11-07T07:30:14.573Z"}
{"level":"error","message":"PDF generation failed: Failed to generate PDF: PDF creation failed: undefined","stack":"Error: Failed to generate PDF: PDF creation failed: undefined\n    at PdfService.generatePdf (file:///E:/Pdf%20Maker/src/pdfService.js:165:19)\n    at process.processTicksAndRejections (node:internal/process/task_queues:105:5)\n    at async file:///E:/Pdf%20Maker/server.js:53:24","timestamp":"2025-11-07T07:30:16.967Z"}
{"level":"info","message":"Generating PDF with template: invoice","timestamp":"2025-11-07T07:31:37.547Z"}
{"level":"error","message":"PDF generation failed: Failed to generate PDF: PDF creation failed: undefined","stack":"Error: Failed to generate PDF: PDF creation failed: undefined\n    at PdfService.generatePdf (file:///E:/Pdf%20Maker/src/pdfService.js:165:19)\n    at process.processTicksAndRejections (node:internal/process/task_queues:105:5)\n    at async file:///E:/Pdf%20Maker/server.js:53:24","timestamp":"2025-11-07T07:31:40.268Z"}
{"level":"info","message":"PDF service listening at http://localhost:3000","timestamp":"2025-11-07T07:32:00.067Z"}
{"level":"info","message":"Generating PDF with template: invoice","timestamp":"2025-11-07T07:32:03.726Z"}
{"level":"error","message":"PDF generation failed: Failed to generate PDF: PDF creation failed: undefined","stack":"Error: Failed to generate PDF: PDF creation failed: undefined\n    at PdfService.generatePdf (file:///E:/Pdf%20Maker/src/pdfService.js:165:19)\n    at process.processTicksAndRejections (node:internal/process/task_queues:105:5)\n    at async file:///E:/Pdf%20Maker/server.js:53:24","timestamp":"2025-11-07T07:32:05.491Z"}
{"level":"info","message":"PDF service listening at http://localhost:3000","timestamp":"2025-11-07T07:34:45.828Z"}
{"level":"info","message":"PDF service listening at http://localhost:3000","timestamp":"2025-11-07T07:35:02.211Z"}
{"level":"info","message":"PDF service listening at http://localhost:3000","timestamp":"2025-11-07T07:35:26.354Z"}
{"level":"info","message":"Generating PDF with template: invoice","timestamp":"2025-11-07T07:35:31.430Z"}
{"level":"error","message":"PDF generation failed: Failed to generate PDF: PDF creation failed: undefined","stack":"Error: Failed to generate PDF: PDF creation failed: undefined\n    at PdfService.generatePdf (file:///E:/Pdf%20Maker/src/pdfService.js:165:19)\n    at process.processTicksAndRejections (node:internal/process/task_queues:105:5)\n    at async file:///E:/Pdf%20Maker/server.js:53:24","timestamp":"2025-11-07T07:36:57.334Z"}
{"level":"info","message":"Generating PDF with template: invoice","timestamp":"2025-11-07T07:37:45.422Z"}
{"level":"error","message":"PDF generation failed: Failed to generate PDF: PDF creation failed: undefined","stack":"Error: Failed to generate PDF: PDF creation failed: undefined\n    at PdfService.generatePdf (file:///E:/Pdf%20Maker/src/pdfService.js:165:19)\n    at process.processTicksAndRejections (node:internal/process/task_queues:105:5)\n    at async file:///E:/Pdf%20Maker/server.js:53:24","timestamp":"2025-11-07T07:40:11.853Z"}
{"level":"info","message":"Generating PDF with template: invoice","timestamp":"2025-11-07T07:40:16.661Z"}
{"level":"info","message":"PDF service listening at http://localhost:3000","timestamp":"2025-11-07T07:52:01.365Z"}
{"level":"info","message":"Generating PDF with template: invoice","timestamp":"2025-11-07T07:52:05.115Z"}
{"level":"error","message":"PDF generation failed: Failed to generate PDF: PDF creation failed: undefined","stack":"Error: Failed to generate PDF: PDF creation failed: undefined\n    at PdfService.generatePdf (file:///E:/Pdf%20Maker/src/pdfService.js:173:19)\n    at process.processTicksAndRejections (node:internal/process/task_queues:105:5)\n    at async file:///E:/Pdf%20Maker/server.js:53:24","timestamp":"2025-11-07T07:52:53.130Z"}
{"level":"info","message":"PDF service listening at http://localhost:3000","timestamp":"2025-11-07T07:57:40.925Z"}
{"level":"info","message":"Generating PDF with template: invoice","timestamp":"2025-11-07T07:57:44.733Z"}
{"level":"info","message":"PDF generated successfully: E:\\Pdf Maker\\output\\INV-2025-001.pdf","timestamp":"2025-11-07T07:57:54.990Z"}
{"level":"info","message":"PDF service listening at http://localhost:3000","timestamp":"2025-11-07T08:06:47.297Z"}
{"level":"info","message":"Generating PDF with template: invoice","timestamp":"2025-11-07T08:06:52.622Z"}
{"level":"info","message":"PDF generated successfully: E:\\Pdf Maker\\output\\INV-2025-001.pdf","timestamp":"2025-11-07T08:06:53.657Z"}
{"level":"info","message":"Generating PDF with template: invoice","timestamp":"2025-11-07T08:07:07.017Z"}
{"level":"info","message":"PDF generated successfully: E:\\Pdf Maker\\output\\INV-2025-001.pdf","timestamp":"2025-11-07T08:07:08.052Z"}
{"level":"info","message":"Generating PDF with template: invoice","timestamp":"2025-11-07T08:09:24.340Z"}
{"level":"info","message":"PDF generated successfully: E:\\Pdf Maker\\output\\INV-2025-001.pdf","timestamp":"2025-11-07T08:09:25.348Z"}
{"level":"info","message":"Generating PDF with template: invoice","timestamp":"2025-11-07T08:16:55.176Z"}
{"level":"info","message":"PDF generated successfully: E:\\Pdf Maker\\output\\INV-2025-001.pdf","timestamp":"2025-11-07T08:16:56.378Z"}
{"level":"info","message":"Generating PDF with template: invoice","timestamp":"2025-11-07T08:17:12.108Z"}
{"level":"info","message":"PDF generated successfully: E:\\Pdf Maker\\output\\INV-2025-001.pdf","timestamp":"2025-11-07T08:17:12.336Z"}
{"level":"info","message":"PDF service listening at http://localhost:3000","timestamp":"2025-11-07T09:55:59.177Z"}
{"level":"info","message":"Generating PDF with template: purchaseOrder","timestamp":"2025-11-07T09:56:36.162Z"}
{"level":"error","message":"PDF generation failed: Failed to generate PDF: Failed to load template: Cannot find module 'E:\\Pdf Maker\\utils\\imageHelper.js' imported from E:\\Pdf Maker\\templates\\purchaseOrder.js","stack":"Error: Failed to generate PDF: Failed to load template: Cannot find module 'E:\\Pdf Maker\\utils\\imageHelper.js' imported from E:\\Pdf Maker\\templates\\purchaseOrder.js\n    at PdfService.generatePdf (file:///E:/Pdf%20Maker/src/pdfService.js:165:19)\n    at process.processTicksAndRejections (node:internal/process/task_queues:105:5)\n    at async file:///E:/Pdf%20Maker/server.js:53:24","timestamp":"2025-11-07T09:56:36.173Z"}
{"level":"info","message":"PDF service listening at http://localhost:3000","timestamp":"2025-11-07T10:02:43.765Z"}
{"level":"info","message":"PDF service listening at http://localhost:3000","timestamp":"2025-11-07T10:03:10.136Z"}
{"level":"info","message":"Generating PDF with template: purchaseOrder","timestamp":"2025-11-07T10:03:21.271Z"}
{"level":"info","message":"PDF generated successfully: E:\\Pdf Maker\\output\\document.pdf","timestamp":"2025-11-07T10:03:22.573Z"}
{"level":"info","message":"Generating PDF with template: purchaseOrder","timestamp":"2025-11-07T10:03:56.648Z"}
{"level":"info","message":"PDF generated successfully: E:\\Pdf Maker\\output\\document.pdf","timestamp":"2025-11-07T10:03:56.897Z"}
{"level":"info","message":"PDF service listening at http://localhost:3000","timestamp":"2025-11-07T10:06:34.517Z"}
{"level":"info","message":"Generating PDF with template: purchaseOrder","timestamp":"2025-11-07T10:06:42.126Z"}
{"level":"info","message":"PDF generated successfully: E:\\Pdf Maker\\output\\document.pdf","timestamp":"2025-11-07T10:06:42.490Z"}
{"level":"info","message":"PDF service listening at http://localhost:3000","timestamp":"2025-11-07T10:07:07.488Z"}
{"level":"info","message":"PDF service listening at http://localhost:3000","timestamp":"2025-11-07T10:07:16.993Z"}
{"level":"info","message":"Generating PDF with template: purchaseOrder","timestamp":"2025-11-07T10:07:20.731Z"}
{"level":"info","message":"PDF generated successfully: E:\\Pdf Maker\\output\\document.pdf","timestamp":"2025-11-07T10:07:21.248Z"}
{"level":"info","message":"PDF service listening at http://localhost:3000","timestamp":"2025-11-07T10:14:03.254Z"}
{"level":"info","message":"Generating PDF with template: purchaseOrder","timestamp":"2025-11-07T10:14:08.945Z"}
{"level":"info","message":"PDF generated successfully: E:\\Pdf Maker\\output\\document.pdf","timestamp":"2025-11-07T10:14:09.377Z"}
{"level":"info","message":"PDF service listening at http://localhost:3000","timestamp":"2025-11-07T10:17:42.423Z"}
{"level":"info","message":"Generating PDF with template: purchaseOrder","timestamp":"2025-11-07T10:17:45.374Z"}
{"level":"info","message":"PDF generated successfully: E:\\Pdf Maker\\output\\document.pdf","timestamp":"2025-11-07T10:17:45.818Z"}
{"level":"info","message":"PDF service listening at http://localhost:3000","timestamp":"2025-11-07T10:17:55.749Z"}
{"level":"info","message":"PDF service listening at http://localhost:3000","timestamp":"2025-11-07T10:18:02.423Z"}
{"level":"info","message":"Generating PDF with template: purchaseOrder","timestamp":"2025-11-07T10:18:07.378Z"}
{"level":"info","message":"PDF generated successfully: E:\\Pdf Maker\\output\\document.pdf","timestamp":"2025-11-07T10:18:07.815Z"}
{"level":"info","message":"PDF service listening at http://localhost:3000","timestamp":"2025-11-07T10:18:27.846Z"}
{"level":"info","message":"Generating PDF with template: purchaseOrder","timestamp":"2025-11-07T10:18:30.625Z"}
{"level":"info","message":"PDF generated successfully: E:\\Pdf Maker\\output\\document.pdf","timestamp":"2025-11-07T10:18:31.013Z"}
{"level":"info","message":"PDF service listening at http://localhost:3000","timestamp":"2025-11-07T10:18:49.140Z"}
{"level":"info","message":"Generating PDF with template: purchaseOrder","timestamp":"2025-11-07T10:18:54.508Z"}
{"level":"info","message":"PDF generated successfully: E:\\Pdf Maker\\output\\document.pdf","timestamp":"2025-11-07T10:18:54.879Z"}
{"level":"info","message":"PDF service listening at http://localhost:3000","timestamp":"2025-11-07T10:19:04.413Z"}
{"level":"info","message":"PDF service listening at http://localhost:3000","timestamp":"2025-11-07T10:31:43.221Z"}
{"level":"info","message":"Generating PDF with template: purchaseOrder","timestamp":"2025-11-07T10:31:57.178Z"}
{"level":"error","message":"PDF generation failed: Failed to generate PDF: Failed to load template: Cannot find module 'E:\\Pdf Maker\\utils\\imageHelper.js' imported from E:\\Pdf Maker\\templates\\purchaseOrder.js","stack":"Error: Failed to generate PDF: Failed to load template: Cannot find module 'E:\\Pdf Maker\\utils\\imageHelper.js' imported from E:\\Pdf Maker\\templates\\purchaseOrder.js\n    at PdfService.generatePdf (file:///E:/Pdf%20Maker/src/pdfService.js:165:19)\n    at process.processTicksAndRejections (node:internal/process/task_queues:105:5)\n    at async file:///E:/Pdf%20Maker/server.js:53:24","timestamp":"2025-11-07T10:31:57.201Z"}
{"level":"info","message":"PDF service listening at http://localhost:3000","timestamp":"2025-11-07T10:32:10.831Z"}
{"level":"info","message":"Generating PDF with template: purchaseOrder","timestamp":"2025-11-07T10:32:16.979Z"}
{"level":"info","message":"PDF generated successfully: E:\\Pdf Maker\\output\\document.pdf","timestamp":"2025-11-07T10:32:17.398Z"}
{"level":"info","message":"PDF service listening at http://localhost:3000","timestamp":"2025-11-07T10:35:22.842Z"}
{"level":"info","message":"PDF service listening at http://localhost:3000","timestamp":"2025-11-07T10:36:28.592Z"}
{"level":"info","message":"Generating PDF with template: purchaseOrder","timestamp":"2025-11-07T10:36:32.942Z"}
{"level":"info","message":"PDF generated successfully: E:\\Pdf Maker\\output\\document.pdf","timestamp":"2025-11-07T10:36:33.307Z"}
{"level":"info","message":"PDF service listening at http://localhost:3000","timestamp":"2025-11-07T10:36:45.597Z"}
{"level":"info","message":"Generating PDF with template: purchaseOrder","timestamp":"2025-11-07T10:36:51.727Z"}
{"level":"info","message":"PDF generated successfully: E:\\Pdf Maker\\output\\document.pdf","timestamp":"2025-11-07T10:36:52.075Z"}
{"level":"info","message":"PDF service listening at http://localhost:3000","timestamp":"2025-11-07T10:39:08.375Z"}
{"level":"info","message":"PDF service listening at http://localhost:3000","timestamp":"2025-11-07T10:39:22.390Z"}
{"level":"info","message":"PDF service listening at http://localhost:3000","timestamp":"2025-11-07T10:39:30.592Z"}
{"level":"info","message":"PDF service listening at http://localhost:3000","timestamp":"2025-11-07T10:39:38.734Z"}
{"level":"info","message":"PDF service listening at http://localhost:3000","timestamp":"2025-11-07T10:39:40.768Z"}
{"level":"info","message":"Generating PDF with template: purchaseOrder","timestamp":"2025-11-07T10:39:48.353Z"}
{"level":"info","message":"PDF generated successfully: E:\\Pdf Maker\\output\\document.pdf","timestamp":"2025-11-07T10:39:48.856Z"}
{"level":"info","message":"PDF service listening at http://localhost:3000","timestamp":"2025-11-07T10:41:04.383Z"}
{"level":"info","message":"PDF service listening at http://localhost:3000","timestamp":"2025-11-07T10:41:04.788Z"}
{"level":"info","message":"PDF service listening at http://localhost:3000","timestamp":"2025-11-07T10:41:11.435Z"}
{"level":"info","message":"PDF service listening at http://localhost:3000","timestamp":"2025-11-07T10:41:23.224Z"}
{"level":"info","message":"PDF service listening at http://localhost:3000","timestamp":"2025-11-07T10:41:31.924Z"}
{"level":"info","message":"PDF service listening at http://localhost:3000","timestamp":"2025-11-07T10:41:39.544Z"}
{"level":"info","message":"PDF service listening at http://localhost:3000","timestamp":"2025-11-07T10:41:50.032Z"}
{"level":"info","message":"PDF service listening at http://localhost:3000","timestamp":"2025-11-07T10:41:51.541Z"}
{"level":"info","message":"Generating PDF with template: purchaseOrder","timestamp":"2025-11-07T10:41:56.194Z"}
{"level":"info","message":"PDF generated successfully: E:\\Pdf Maker\\output\\document.pdf","timestamp":"2025-11-07T10:41:56.726Z"}
{"level":"info","message":"PDF service listening at http://localhost:3000","timestamp":"2025-11-07T10:42:39.753Z"}
{"level":"info","message":"Generating PDF with template: purchaseOrder","timestamp":"2025-11-07T10:42:44.953Z"}
{"level":"info","message":"PDF generated successfully: E:\\Pdf Maker\\output\\document.pdf","timestamp":"2025-11-07T10:42:45.487Z"}
{"level":"info","message":"PDF service listening at http://localhost:3000","timestamp":"2025-11-07T10:43:02.840Z"}
{"level":"info","message":"PDF service listening at http://localhost:3000","timestamp":"2025-11-07T11:04:58.747Z"}
{"level":"info","message":"Generating PDF with template: purchaseOrder","timestamp":"2025-11-07T11:05:41.352Z"}
{"level":"info","message":"PDF generated successfully: E:\\Pdf Maker\\output\\document.pdf","timestamp":"2025-11-07T11:05:42.698Z"}
{"level":"info","message":"Generating PDF with template: purchaseOrder","timestamp":"2025-11-07T11:10:18.450Z"}
{"level":"info","message":"PDF generated successfully: E:\\Pdf Maker\\output\\document.pdf","timestamp":"2025-11-07T11:10:18.844Z"}
{"level":"info","message":"Generating PDF with template: purchaseOrder","timestamp":"2025-11-07T11:11:48.806Z"}
{"level":"info","message":"PDF generated successfully: E:\\Pdf Maker\\output\\document.pdf","timestamp":"2025-11-07T11:11:49.328Z"}
{"level":"info","message":"Generating PDF with template: purchaseOrder","timestamp":"2025-11-07T11:12:15.071Z"}
{"level":"info","message":"PDF generated successfully: E:\\Pdf Maker\\output\\document.pdf","timestamp":"2025-11-07T11:12:15.547Z"}
{"level":"info","message":"Generating PDF with template: purchaseOrder","timestamp":"2025-11-07T11:13:50.099Z"}
{"level":"info","message":"PDF generated successfully: E:\\Pdf Maker\\output\\document.pdf","timestamp":"2025-11-07T11:13:50.644Z"}
{"level":"info","message":"Generating PDF with template: purchaseOrder","timestamp":"2025-11-07T11:14:20.489Z"}
{"level":"info","message":"PDF generated successfully: E:\\Pdf Maker\\output\\document.pdf","timestamp":"2025-11-07T11:14:20.779Z"}
{"level":"info","message":"Generating PDF with template: purchaseOrder","timestamp":"2025-11-07T11:15:34.199Z"}
{"level":"info","message":"PDF generated successfully: E:\\Pdf Maker\\output\\document.pdf","timestamp":"2025-11-07T11:15:34.680Z"}
{"level":"info","message":"PDF service listening at http://localhost:3000","timestamp":"2025-11-07T11:16:05.042Z"}
{"level":"info","message":"PDF service listening at http://localhost:3000","timestamp":"2025-11-07T11:16:15.770Z"}
{"level":"info","message":"PDF service listening at http://localhost:3000","timestamp":"2025-11-07T11:16:53.924Z"}
{"level":"info","message":"Generating PDF with template: purchaseOrder","timestamp":"2025-11-07T11:16:57.137Z"}
{"level":"info","message":"PDF generated successfully: E:\\Pdf Maker\\output\\document.pdf","timestamp":"2025-11-07T11:16:57.775Z"}
{"level":"info","message":"PDF service listening at http://localhost:3000","timestamp":"2025-11-07T11:17:24.752Z"}
{"level":"info","message":"Generating PDF with template: purchaseOrder","timestamp":"2025-11-07T11:17:31.149Z"}
{"level":"info","message":"PDF generated successfully: E:\\Pdf Maker\\output\\document.pdf","timestamp":"2025-11-07T11:17:31.691Z"}
{"level":"info","message":"PDF service listening at http://localhost:3000","timestamp":"2025-11-07T11:18:57.951Z"}
{"level":"info","message":"Generating PDF with template: purchaseOrder","timestamp":"2025-11-07T11:19:05.345Z"}
{"level":"error","message":"PDF generation failed: Failed to generate PDF: Failed to load template: Unexpected token '{'","stack":"Error: Failed to generate PDF: Failed to load template: Unexpected token '{'\n    at PdfService.generatePdf (file:///E:/Pdf%20Maker/src/pdfService.js:165:19)\n    at process.processTicksAndRejections (node:internal/process/task_queues:105:5)\n    at async file:///E:/Pdf%20Maker/server.js:53:24","timestamp":"2025-11-07T11:19:05.381Z"}
{"level":"info","message":"PDF service listening at http://localhost:3000","timestamp":"2025-11-07T11:19:19.576Z"}
{"level":"info","message":"Generating PDF with template: purchaseOrder","timestamp":"2025-11-07T11:19:23.274Z"}
{"level":"info","message":"PDF generated successfully: E:\\Pdf Maker\\output\\document.pdf","timestamp":"2025-11-07T11:19:24.328Z"}
{"level":"info","message":"PDF service listening at http://localhost:3000","timestamp":"2025-11-07T11:20:01.146Z"}
{"level":"info","message":"Generating PDF with template: purchaseOrder","timestamp":"2025-11-07T11:20:09.369Z"}
{"level":"info","message":"PDF generated successfully: E:\\Pdf Maker\\output\\document.pdf","timestamp":"2025-11-07T11:20:10.451Z"}
{"level":"info","message":"Generating PDF with template: purchaseOrder","timestamp":"2025-11-07T11:20:42.946Z"}
{"level":"info","message":"PDF generated successfully: E:\\Pdf Maker\\output\\document.pdf","timestamp":"2025-11-07T11:20:43.565Z"}
{"level":"info","message":"PDF service listening at http://localhost:3000","timestamp":"2025-11-07T11:24:13.692Z"}
{"level":"info","message":"Generating PDF with template: purchaseOrder","timestamp":"2025-11-07T11:24:16.874Z"}
{"level":"info","message":"PDF generated successfully: E:\\Pdf Maker\\output\\document.pdf","timestamp":"2025-11-07T11:24:17.578Z"}
{"level":"info","message":"PDF service listening at http://localhost:3000","timestamp":"2025-11-07T11:26:12.671Z"}
{"level":"info","message":"Generating PDF with template: purchaseOrder","timestamp":"2025-11-07T11:26:18.789Z"}
{"level":"info","message":"PDF generated successfully: E:\\Pdf Maker\\output\\document.pdf","timestamp":"2025-11-07T11:26:19.966Z"}
{"level":"info","message":"PDF service listening at http://localhost:3000","timestamp":"2025-11-07T11:30:09.173Z"}
{"level":"info","message":"Generating PDF with template: purchaseOrder","timestamp":"2025-11-07T11:30:12.480Z"}
{"level":"info","message":"PDF generated successfully: E:\\Pdf Maker\\output\\document.pdf","timestamp":"2025-11-07T11:30:13.152Z"}
{"level":"info","message":"PDF service listening at http://localhost:3000","timestamp":"2025-11-07T11:31:01.080Z"}
{"level":"info","message":"Generating PDF with template: purchaseOrder","timestamp":"2025-11-07T11:31:04.071Z"}
{"level":"info","message":"PDF generated successfully: E:\\Pdf Maker\\output\\document.pdf","timestamp":"2025-11-07T11:31:04.603Z"}
{"level":"info","message":"PDF service listening at http://localhost:3000","timestamp":"2025-11-07T11:31:19.442Z"}
{"level":"info","message":"PDF service listening at http://localhost:3000","timestamp":"2025-11-07T11:31:49.614Z"}
{"level":"info","message":"Generating PDF with template: purchaseOrder","timestamp":"2025-11-07T11:31:52.341Z"}
{"level":"info","message":"PDF generated successfully: E:\\Pdf Maker\\output\\document.pdf","timestamp":"2025-11-07T11:31:53.005Z"}
{"level":"info","message":"PDF service listening at http://localhost:3000","timestamp":"2025-11-07T11:32:08.984Z"}
{"level":"info","message":"PDF service listening at http://localhost:3000","timestamp":"2025-11-07T11:35:27.217Z"}
{"level":"info","message":"Generating PDF with template: purchaseOrder","timestamp":"2025-11-07T11:35:31.265Z"}
{"level":"info","message":"PDF generated successfully: E:\\Pdf Maker\\output\\document.pdf","timestamp":"2025-11-07T11:35:31.916Z"}
{"level":"info","message":"PDF service listening at http://localhost:3000","timestamp":"2025-11-07T11:37:04.784Z"}
{"level":"info","message":"PDF service listening at http://localhost:3000","timestamp":"2025-11-07T11:41:04.708Z"}
{"level":"info","message":"Generating PDF with template: purchaseOrder","timestamp":"2025-11-07T11:41:10.085Z"}
{"level":"info","message":"PDF generated successfully: E:\\Pdf Maker\\output\\document.pdf","timestamp":"2025-11-07T11:41:10.750Z"}
{"level":"info","message":"PDF service listening at http://localhost:3000","timestamp":"2025-11-07T11:46:37.515Z"}
{"level":"info","message":"Generating PDF with template: purchaseOrder","timestamp":"2025-11-07T11:46:40.790Z"}
{"level":"info","message":"PDF generated successfully: E:\\Pdf Maker\\output\\document.pdf","timestamp":"2025-11-07T11:46:41.858Z"}
{"level":"info","message":"PDF service listening at http://localhost:3000","timestamp":"2025-11-07T11:51:27.384Z"}
{"level":"info","message":"Generating PDF with template: purchaseOrder","timestamp":"2025-11-07T11:51:32.654Z"}
{"level":"error","message":"PDF generation failed: Failed to generate PDF: Failed to load template: Unexpected token '{'","stack":"Error: Failed to generate PDF: Failed to load template: Unexpected token '{'\n    at PdfService.generatePdf (file:///E:/Pdf%20Maker/src/pdfService.js:165:19)\n    at process.processTicksAndRejections (node:internal/process/task_queues:105:5)\n    at async file:///E:/Pdf%20Maker/server.js:53:24","timestamp":"2025-11-07T11:51:32.696Z"}
{"level":"info","message":"PDF service listening at http://localhost:3000","timestamp":"2025-11-07T11:51:53.566Z"}
{"level":"info","message":"Generating PDF with template: purchaseOrder","timestamp":"2025-11-07T11:51:56.348Z"}
{"level":"error","message":"PDF generation failed: Failed to generate PDF: Failed to load template: Unexpected token '{'","stack":"Error: Failed to generate PDF: Failed to load template: Unexpected token '{'\n    at PdfService.generatePdf (file:///E:/Pdf%20Maker/src/pdfService.js:165:19)\n    at process.processTicksAndRejections (node:internal/process/task_queues:105:5)\n    at async file:///E:/Pdf%20Maker/server.js:53:24","timestamp":"2025-11-07T11:51:56.427Z"}
{"level":"info","message":"PDF service listening at http://localhost:3000","timestamp":"2025-11-07T11:52:02.015Z"}
{"level":"info","message":"Generating PDF with template: purchaseOrder","timestamp":"2025-11-07T11:52:04.462Z"}
{"level":"info","message":"PDF generated successfully: E:\\Pdf Maker\\output\\document.pdf","timestamp":"2025-11-07T11:52:05.122Z"}
{"level":"info","message":"PDF service listening at http://localhost:3000","timestamp":"2025-11-07T11:53:08.366Z"}
{"level":"info","message":"Generating PDF with template: purchaseOrder","timestamp":"2025-11-07T11:53:11.647Z"}
{"level":"info","message":"PDF generated successfully: E:\\Pdf Maker\\output\\document.pdf","timestamp":"2025-11-07T11:53:12.670Z"}
{"level":"info","message":"PDF service listening at http://localhost:3000","timestamp":"2025-11-07T11:54:14.140Z"}
{"level":"info","message":"Generating PDF with template: purchaseOrder","timestamp":"2025-11-07T11:54:19.666Z"}
{"level":"info","message":"PDF generated successfully: E:\\Pdf Maker\\output\\document.pdf","timestamp":"2025-11-07T11:54:20.234Z"}
{"level":"info","message":"PDF service listening at http://localhost:3000","timestamp":"2025-11-07T11:54:36.521Z"}
{"level":"info","message":"PDF service listening at http://localhost:3000","timestamp":"2025-11-07T11:54:39.242Z"}
{"level":"info","message":"PDF service listening at http://localhost:3000","timestamp":"2025-11-07T11:54:44.407Z"}
{"level":"info","message":"PDF service listening at http://localhost:3000","timestamp":"2025-11-07T11:54:49.529Z"}
{"level":"info","message":"PDF service listening at http://localhost:3000","timestamp":"2025-11-07T11:55:15.643Z"}
{"level":"info","message":"Generating PDF with template: purchaseOrder","timestamp":"2025-11-07T11:55:18.389Z"}
{"level":"info","message":"PDF generated successfully: E:\\Pdf Maker\\output\\document.pdf","timestamp":"2025-11-07T11:55:19.031Z"}
{"level":"info","message":"PDF service listening at http://localhost:3000","timestamp":"2025-11-07T11:55:40.089Z"}
{"level":"info","message":"PDF service listening at http://localhost:3000","timestamp":"2025-11-07T11:55:46.130Z"}
{"level":"info","message":"Generating PDF with template: purchaseOrder","timestamp":"2025-11-07T11:55:48.901Z"}
{"level":"info","message":"PDF generated successfully: E:\\Pdf Maker\\output\\document.pdf","timestamp":"2025-11-07T11:55:49.953Z"}
{"level":"info","message":"PDF service listening at http://localhost:3000","timestamp":"2025-11-07T11:57:22.938Z"}
{"level":"info","message":"Generating PDF with template: purchaseOrder","timestamp":"2025-11-07T11:57:26.371Z"}
{"level":"info","message":"PDF generated successfully: E:\\Pdf Maker\\output\\document.pdf","timestamp":"2025-11-07T11:57:27.494Z"}
{"level":"info","message":"PDF service listening at http://localhost:3000","timestamp":"2025-11-07T11:57:44.510Z"}
{"level":"info","message":"PDF service listening at http://localhost:3000","timestamp":"2025-11-07T11:57:48.591Z"}
{"level":"info","message":"PDF service listening at http://localhost:3000","timestamp":"2025-11-07T11:57:51.091Z"}
{"level":"info","message":"PDF service listening at http://localhost:3000","timestamp":"2025-11-07T11:57:56.961Z"}
{"level":"info","message":"Generating PDF with template: purchaseOrder","timestamp":"2025-11-07T11:58:00.531Z"}
{"level":"info","message":"PDF generated successfully: E:\\Pdf Maker\\output\\document.pdf","timestamp":"2025-11-07T11:58:01.176Z"}
{"level":"info","message":"PDF service listening at http://localhost:3000","timestamp":"2025-11-07T11:58:15.446Z"}
{"level":"info","message":"PDF service listening at http://localhost:3000","timestamp":"2025-11-07T11:58:34.271Z"}
{"level":"info","message":"Generating PDF with template: purchaseOrder","timestamp":"2025-11-07T11:58:37.361Z"}
{"level":"info","message":"PDF generated successfully: E:\\Pdf Maker\\output\\document.pdf","timestamp":"2025-11-07T11:58:38.412Z"}
{"level":"info","message":"PDF service listening at http://localhost:3000","timestamp":"2025-11-07T11:58:56.854Z"}
{"level":"info","message":"Generating PDF with template: purchaseOrder","timestamp":"2025-11-07T11:58:59.889Z"}
{"level":"info","message":"PDF generated successfully: E:\\Pdf Maker\\output\\document.pdf","timestamp":"2025-11-07T11:59:00.895Z"}
{"level":"info","message":"PDF service listening at http://localhost:3000","timestamp":"2025-11-07T12:01:28.156Z"}
{"level":"info","message":"Generating PDF with template: purchaseOrder","timestamp":"2025-11-07T12:01:31.212Z"}
{"level":"info","message":"PDF generated successfully: E:\\Pdf Maker\\output\\document.pdf","timestamp":"2025-11-07T12:01:31.832Z"}
{"level":"info","message":"PDF service listening at http://localhost:3000","timestamp":"2025-11-07T12:28:30.389Z"}
{"level":"info","message":"Generating PDF with template: purchaseOrder","timestamp":"2025-11-07T12:28:36.836Z"}
{"level":"info","message":"PDF generated successfully: E:\\Pdf Maker\\output\\document.pdf","timestamp":"2025-11-07T12:28:38.386Z"}
{"level":"info","message":"PDF service listening at http://localhost:3000","timestamp":"2025-11-07T12:29:05.138Z"}
{"level":"info","message":"PDF service listening at http://localhost:3000","timestamp":"2025-11-07T12:29:17.163Z"}
{"level":"info","message":"PDF service listening at http://localhost:3000","timestamp":"2025-11-07T12:29:19.780Z"}
{"level":"info","message":"Generating PDF with template: purchaseOrder","timestamp":"2025-11-07T12:29:22.660Z"}
{"level":"info","message":"PDF generated successfully: E:\\Pdf Maker\\output\\document.pdf","timestamp":"2025-11-07T12:29:23.243Z"}
{"level":"info","message":"PDF service listening at http://localhost:3000","timestamp":"2025-11-07T12:29:40.389Z"}
{"level":"info","message":"Generating PDF with template: purchaseOrder","timestamp":"2025-11-07T12:29:44.056Z"}
{"level":"info","message":"PDF generated successfully: E:\\Pdf Maker\\output\\document.pdf","timestamp":"2025-11-07T12:29:45.075Z"}
{"level":"info","message":"PDF service listening at http://localhost:3000","timestamp":"2025-11-07T12:34:34.043Z"}
{"level":"info","message":"Generating PDF with template: purchaseOrder","timestamp":"2025-11-07T12:34:39.502Z"}
{"level":"info","message":"PDF generated successfully: E:\\Pdf Maker\\output\\document.pdf","timestamp":"2025-11-07T12:34:40.602Z"}
{"level":"info","message":"PDF service listening at http://localhost:3000","timestamp":"2025-11-07T12:34:54.272Z"}
{"level":"info","message":"PDF service listening at http://localhost:3000","timestamp":"2025-11-07T12:35:23.897Z"}
{"level":"info","message":"PDF service listening at http://localhost:3000","timestamp":"2025-11-07T12:35:48.607Z"}
{"level":"info","message":"Generating PDF with template: purchaseOrder","timestamp":"2025-11-07T12:35:52.027Z"}
{"level":"info","message":"PDF generated successfully: E:\\Pdf Maker\\output\\document.pdf","timestamp":"2025-11-07T12:35:53.131Z"}
{"level":"info","message":"PDF service listening at http://localhost:3000","timestamp":"2025-11-07T12:36:22.109Z"}
{"level":"info","message":"PDF service listening at http://localhost:3000","timestamp":"2025-11-07T12:36:26.017Z"}
{"level":"info","message":"PDF service listening at http://localhost:3000","timestamp":"2025-11-07T12:36:52.406Z"}
{"level":"info","message":"PDF service listening at http://localhost:3000","timestamp":"2025-11-07T12:37:07.147Z"}
{"level":"info","message":"Generating PDF with template: purchaseOrder","timestamp":"2025-11-07T12:37:11.035Z"}
{"level":"info","message":"PDF generated successfully: E:\\Pdf Maker\\output\\document.pdf","timestamp":"2025-11-07T12:37:12.061Z"}
{"level":"info","message":"PDF service listening at http://localhost:3000","timestamp":"2025-11-07T12:37:31.825Z"}
{"level":"info","message":"Generating PDF with template: purchaseOrder","timestamp":"2025-11-07T12:37:39.757Z"}
{"level":"info","message":"PDF generated successfully: E:\\Pdf Maker\\output\\document.pdf","timestamp":"2025-11-07T12:37:40.822Z"}
{"level":"info","message":"PDF service listening at http://localhost:3000","timestamp":"2025-11-07T12:39:00.711Z"}
{"level":"info","message":"Generating PDF with template: purchaseOrder","timestamp":"2025-11-07T12:39:09.197Z"}
{"level":"info","message":"PDF generated successfully: E:\\Pdf Maker\\output\\document.pdf","timestamp":"2025-11-07T12:39:10.221Z"}
{"level":"info","message":"PDF service listening at http://localhost:3000","timestamp":"2025-11-07T12:39:39.939Z"}
{"level":"info","message":"PDF service listening at http://localhost:3000","timestamp":"2025-11-07T12:39:50.253Z"}
{"level":"info","message":"Generating PDF with template: purchaseOrder","timestamp":"2025-11-07T12:39:53.477Z"}
{"level":"info","message":"PDF generated successfully: E:\\Pdf Maker\\output\\document.pdf","timestamp":"2025-11-07T12:39:54.533Z"}
{"level":"info","message":"PDF service listening at http://localhost:3000","timestamp":"2025-11-07T12:41:48.682Z"}
{"level":"info","message":"PDF service listening at http://localhost:3000","timestamp":"2025-11-07T12:41:54.596Z"}
{"level":"info","message":"Generating PDF with template: purchaseOrder","timestamp":"2025-11-07T12:41:57.803Z"}
{"level":"info","message":"PDF generated successfully: E:\\Pdf Maker\\output\\document.pdf","timestamp":"2025-11-07T12:41:58.715Z"}
{"level":"info","message":"PDF service listening at http://localhost:3000","timestamp":"2025-11-07T12:42:13.200Z"}
{"level":"info","message":"PDF service listening at http://localhost:3000","timestamp":"2025-11-07T12:42:20.983Z"}
{"level":"info","message":"Generating PDF with template: purchaseOrder","timestamp":"2025-11-07T12:42:24.930Z"}
{"level":"info","message":"PDF generated successfully: E:\\Pdf Maker\\output\\document.pdf","timestamp":"2025-11-07T12:42:25.915Z"}
{"level":"info","message":"PDF service listening at http://localhost:3000","timestamp":"2025-11-07T12:44:06.306Z"}
{"level":"info","message":"Generating PDF with template: purchaseOrder","timestamp":"2025-11-07T12:44:12.887Z"}
{"level":"info","message":"PDF generated successfully: E:\\Pdf Maker\\output\\document.pdf","timestamp":"2025-11-07T12:44:13.892Z"}
{"level":"info","message":"PDF service listening at http://localhost:3000","timestamp":"2025-11-07T12:44:33.278Z"}
{"level":"info","message":"Generating PDF with template: purchaseOrder","timestamp":"2025-11-07T12:44:35.932Z"}
{"level":"info","message":"PDF generated successfully: E:\\Pdf Maker\\output\\document.pdf","timestamp":"2025-11-07T12:44:36.470Z"}
{"level":"info","message":"PDF service listening at http://localhost:3000","timestamp":"2025-11-07T12:44:55.555Z"}
{"level":"info","message":"Generating PDF with template: purchaseOrder","timestamp":"2025-11-07T12:44:58.292Z"}
{"level":"info","message":"PDF generated successfully: E:\\Pdf Maker\\output\\document.pdf","timestamp":"2025-11-07T12:44:58.948Z"}
{"level":"info","message":"PDF service listening at http://localhost:3000","timestamp":"2025-11-07T12:45:18.005Z"}
{"level":"info","message":"Generating PDF with template: purchaseOrder","timestamp":"2025-11-07T12:45:20.576Z"}
{"level":"info","message":"PDF generated successfully: E:\\Pdf Maker\\output\\document.pdf","timestamp":"2025-11-07T12:45:21.126Z"}
{"level":"info","message":"PDF service listening at http://localhost:3000","timestamp":"2025-11-07T13:26:19.159Z"}
{"level":"info","message":"PDF service listening at http://localhost:3000","timestamp":"2025-11-07T13:26:25.613Z"}
{"level":"info","message":"PDF service listening at http://localhost:3000","timestamp":"2025-11-07T13:26:32.763Z"}
{"level":"info","message":"PDF service listening at http://localhost:3000","timestamp":"2025-11-07T13:26:42.116Z"}
{"level":"info","message":"Generating PDF with template: purchaseOrder","timestamp":"2025-11-07T13:26:46.524Z"}
{"level":"info","message":"PDF generated successfully: E:\\Pdf Maker\\output\\document.pdf","timestamp":"2025-11-07T13:26:47.505Z"}
{"level":"info","message":"PDF service listening at http://localhost:3000","timestamp":"2025-11-07T13:29:17.978Z"}
{"level":"info","message":"Generating PDF with template: purchaseOrder","timestamp":"2025-11-07T13:29:24.826Z"}
{"level":"info","message":"PDF generated successfully: E:\\Pdf Maker\\output\\document.pdf","timestamp":"2025-11-07T13:29:26.539Z"}
{"level":"info","message":"PDF service listening at http://localhost:3000","timestamp":"2025-11-07T13:30:43.675Z"}
{"level":"info","message":"Generating PDF with template: purchaseOrder","timestamp":"2025-11-07T13:30:48.553Z"}
{"level":"info","message":"PDF generated successfully: E:\\Pdf Maker\\output\\document.pdf","timestamp":"2025-11-07T13:30:50.438Z"}
{"level":"info","message":"PDF service listening at http://localhost:3000","timestamp":"2025-11-07T13:32:33.898Z"}
{"level":"info","message":"Generating PDF with template: purchaseOrder","timestamp":"2025-11-07T13:32:36.530Z"}
{"level":"info","message":"PDF generated successfully: E:\\Pdf Maker\\output\\document.pdf","timestamp":"2025-11-07T13:32:37.282Z"}
{"level":"info","message":"PDF service listening at http://localhost:3000","timestamp":"2025-11-07T13:33:02.206Z"}
{"level":"info","message":"Generating PDF with template: purchaseOrder","timestamp":"2025-11-07T13:33:19.786Z"}
{"level":"info","message":"PDF generated successfully: E:\\Pdf Maker\\output\\document.pdf","timestamp":"2025-11-07T13:33:20.581Z"}
{"level":"info","message":"PDF service listening at http://localhost:3000","timestamp":"2025-11-07T13:36:08.820Z"}
{"level":"info","message":"Generating PDF with template: purchaseOrder","timestamp":"2025-11-07T13:36:12.168Z"}
{"level":"info","message":"PDF generated successfully: E:\\Pdf Maker\\output\\document.pdf","timestamp":"2025-11-07T13:36:12.668Z"}
{"level":"info","message":"PDF service listening at http://localhost:3000","timestamp":"2025-11-07T13:36:49.280Z"}
{"level":"info","message":"Generating PDF with template: purchaseOrder","timestamp":"2025-11-07T13:36:55.820Z"}
{"level":"info","message":"PDF generated successfully: E:\\Pdf Maker\\output\\document.pdf","timestamp":"2025-11-07T13:36:56.355Z"}
{"level":"info","message":"PDF service listening at http://localhost:3000","timestamp":"2025-11-07T13:37:10.900Z"}
{"level":"info","message":"PDF service listening at http://localhost:3000","timestamp":"2025-11-07T13:37:24.182Z"}
{"level":"info","message":"Generating PDF with template: purchaseOrder","timestamp":"2025-11-07T13:37:28.995Z"}
{"level":"info","message":"PDF generated successfully: E:\\Pdf Maker\\output\\document.pdf","timestamp":"2025-11-07T13:37:30.092Z"}
{"level":"info","message":"PDF service listening at http://localhost:3000","timestamp":"2025-11-07T13:41:22.455Z"}
{"level":"info","message":"Generating PDF with template: purchaseOrder","timestamp":"2025-11-07T13:41:28.089Z"}
{"level":"info","message":"PDF generated successfully: E:\\Pdf Maker\\output\\document.pdf","timestamp":"2025-11-07T13:41:28.546Z"}
{"level":"info","message":"PDF service listening at http://localhost:3000","timestamp":"2025-11-07T13:43:47.762Z"}
{"level":"info","message":"Generating PDF with template: purchaseOrder","timestamp":"2025-11-07T13:43:51.317Z"}
{"level":"info","message":"PDF generated successfully: E:\\Pdf Maker\\output\\document.pdf","timestamp":"2025-11-07T13:43:51.783Z"}
{"level":"info","message":"PDF service listening at http://localhost:3000","timestamp":"2025-11-07T13:44:38.812Z"}
{"level":"info","message":"Generating PDF with template: purchaseOrder","timestamp":"2025-11-07T13:44:57.227Z"}
{"level":"info","message":"PDF generated successfully: E:\\Pdf Maker\\output\\document.pdf","timestamp":"2025-11-07T13:44:57.705Z"}
{"level":"info","message":"PDF service listening at http://localhost:3000","timestamp":"2025-11-07T13:45:43.173Z"}
{"level":"info","message":"Generating PDF with template: purchaseOrder","timestamp":"2025-11-07T13:46:00.036Z"}
{"level":"info","message":"PDF generated successfully: E:\\Pdf Maker\\output\\document.pdf","timestamp":"2025-11-07T13:46:00.546Z"}
{"level":"info","message":"PDF service listening at http://localhost:3000","timestamp":"2025-11-07T13:47:40.062Z"}
{"level":"info","message":"Generating PDF with template: purchaseOrder","timestamp":"2025-11-07T13:47:45.237Z"}
{"level":"info","message":"PDF generated successfully: E:\\Pdf Maker\\output\\document.pdf","timestamp":"2025-11-07T13:47:45.820Z"}
{"level":"info","message":"PDF service listening at http://localhost:3000","timestamp":"2025-11-07T13:48:02.659Z"}
{"level":"info","message":"PDF service listening at http://localhost:3000","timestamp":"2025-11-07T13:48:06.097Z"}
{"level":"info","message":"Generating PDF with template: purchaseOrder","timestamp":"2025-11-07T13:48:11.557Z"}
{"level":"info","message":"PDF generated successfully: E:\\Pdf Maker\\output\\document.pdf","timestamp":"2025-11-07T13:48:12.025Z"}
{"level":"info","message":"PDF service listening at http://localhost:3000","timestamp":"2025-11-07T13:48:30.496Z"}
{"level":"info","message":"PDF service listening at http://localhost:3000","timestamp":"2025-11-07T13:48:57.429Z"}
{"level":"info","message":"Generating PDF with template: purchaseOrder","timestamp":"2025-11-07T13:49:00.946Z"}
{"level":"info","message":"PDF generated successfully: E:\\Pdf Maker\\output\\document.pdf","timestamp":"2025-11-07T13:49:01.512Z"}
{"level":"info","message":"PDF service listening at http://localhost:3000","timestamp":"2025-11-07T13:53:36.566Z"}
{"level":"info","message":"PDF service listening at http://localhost:3000","timestamp":"2025-11-07T13:55:51.032Z"}
{"level":"info","message":"Generating PDF with template: purchaseOrder","timestamp":"2025-11-07T13:55:56.365Z"}
{"level":"error","message":"PDF generation failed: Failed to generate PDF: Failed to load template: Unexpected token ':'","stack":"Error: Failed to generate PDF: Failed to load template: Unexpected token ':'\n    at PdfService.generatePdf (file:///E:/Pdf%20Maker/src/pdfService.js:165:19)\n    at process.processTicksAndRejections (node:internal/process/task_queues:105:5)\n    at async file:///E:/Pdf%20Maker/server.js:53:24","timestamp":"2025-11-07T13:55:56.391Z"}
{"level":"info","message":"PDF service listening at http://localhost:3000","timestamp":"2025-11-07T13:56:04.356Z"}
{"level":"info","message":"Generating PDF with template: purchaseOrder","timestamp":"2025-11-07T13:56:07.257Z"}
{"level":"info","message":"PDF generated successfully: E:\\Pdf Maker\\output\\document.pdf","timestamp":"2025-11-07T13:56:07.840Z"}
{"level":"info","message":"PDF service listening at http://localhost:3000","timestamp":"2025-11-07T13:56:49.951Z"}
{"level":"info","message":"PDF service listening at http://localhost:3000","timestamp":"2025-11-07T13:56:55.238Z"}
{"level":"info","message":"PDF service listening at http://localhost:3000","timestamp":"2025-11-07T13:57:08.020Z"}
{"level":"info","message":"PDF service listening at http://localhost:3000","timestamp":"2025-11-07T13:57:46.881Z"}
{"level":"info","message":"Generating PDF with template: purchaseOrder","timestamp":"2025-11-07T13:57:53.630Z"}
{"level":"info","message":"PDF generated successfully: E:\\Pdf Maker\\output\\document.pdf","timestamp":"2025-11-07T13:57:56.109Z"}
{"level":"info","message":"PDF service listening at http://localhost:3000","timestamp":"2025-11-07T13:58:34.263Z"}
{"level":"info","message":"Generating PDF with template: purchaseOrder","timestamp":"2025-11-07T13:58:40.710Z"}
{"level":"info","message":"PDF generated successfully: E:\\Pdf Maker\\output\\document.pdf","timestamp":"2025-11-07T13:58:41.199Z"}
{"level":"info","message":"PDF service listening at http://localhost:3000","timestamp":"2025-11-07T13:59:05.734Z"}
{"level":"info","message":"Generating PDF with template: purchaseOrder","timestamp":"2025-11-07T13:59:08.772Z"}
{"level":"info","message":"PDF generated successfully: E:\\Pdf Maker\\output\\document.pdf","timestamp":"2025-11-07T13:59:09.297Z"}
{"level":"info","message":"PDF service listening at http://localhost:3000","timestamp":"2025-11-07T14:02:15.867Z"}
{"level":"info","message":"Generating PDF with template: purchaseOrder","timestamp":"2025-11-07T14:02:18.843Z"}
{"level":"info","message":"PDF generated successfully: E:\\Pdf Maker\\output\\document.pdf","timestamp":"2025-11-07T14:02:19.475Z"}
{"level":"info","message":"PDF service listening at http://localhost:3000","timestamp":"2025-11-07T14:03:13.333Z"}
{"level":"info","message":"Generating PDF with template: purchaseOrder","timestamp":"2025-11-07T14:03:18.107Z"}
{"level":"info","message":"PDF generated successfully: E:\\Pdf Maker\\output\\document.pdf","timestamp":"2025-11-07T14:03:18.674Z"}
{"level":"info","message":"PDF service listening at http://localhost:3000","timestamp":"2025-11-07T14:07:17.684Z"}
{"level":"info","message":"PDF service listening at http://localhost:3000","timestamp":"2025-11-07T14:07:18.142Z"}
{"level":"info","message":"Generating PDF with template: purchaseOrder","timestamp":"2025-11-07T14:07:23.091Z"}
{"level":"info","message":"PDF generated successfully: E:\\Pdf Maker\\output\\document.pdf","timestamp":"2025-11-07T14:07:23.607Z"}
{"level":"info","message":"PDF service listening at http://localhost:3000","timestamp":"2025-11-07T14:14:27.447Z"}
{"level":"info","message":"Generating PDF with template: purchaseOrder","timestamp":"2025-11-07T14:14:32.493Z"}
{"level":"info","message":"PDF generated successfully: E:\\Pdf Maker\\output\\document.pdf","timestamp":"2025-11-07T14:14:33.107Z"}
{"level":"info","message":"PDF service listening at http://localhost:3000","timestamp":"2025-11-07T14:15:20.425Z"}
{"level":"info","message":"Generating PDF with template: purchaseOrder","timestamp":"2025-11-07T14:15:25.435Z"}
{"level":"error","message":"PDF generation failed: Failed to generate PDF: PDF creation failed: undefined","stack":"Error: Failed to generate PDF: PDF creation failed: undefined\n    at PdfService.generatePdf (file:///E:/Pdf%20Maker/src/pdfService.js:165:19)\n    at process.processTicksAndRejections (node:internal/process/task_queues:105:5)\n    at async file:///E:/Pdf%20Maker/server.js:53:24","timestamp":"2025-11-07T14:15:25.824Z"}
{"level":"info","message":"PDF service listening at http://localhost:3000","timestamp":"2025-11-07T14:15:29.955Z"}
{"level":"info","message":"PDF service listening at http://localhost:3000","timestamp":"2025-11-07T14:16:08.039Z"}
{"level":"info","message":"Generating PDF with template: purchaseOrder","timestamp":"2025-11-07T14:16:13.929Z"}
{"level":"info","message":"PDF generated successfully: E:\\Pdf Maker\\output\\document.pdf","timestamp":"2025-11-07T14:16:14.600Z"}
{"level":"info","message":"PDF service listening at http://localhost:3000","timestamp":"2025-11-07T14:23:15.643Z"}
{"level":"info","message":"PDF service listening at http://localhost:3000","timestamp":"2025-11-07T14:23:34.043Z"}
{"level":"info","message":"Generating PDF with template: purchaseOrder","timestamp":"2025-11-07T14:23:37.068Z"}
{"level":"info","message":"PDF generated successfully: E:\\Pdf Maker\\output\\document.pdf","timestamp":"2025-11-07T14:23:37.639Z"}
{"level":"info","message":"Generating PDF with template: purchaseOrder","timestamp":"2025-11-07T14:25:28.477Z"}
{"level":"info","message":"PDF generated successfully: E:\\Pdf Maker\\output\\document.pdf","timestamp":"2025-11-07T14:25:28.843Z"}
{"level":"info","message":"PDF service listening at http://localhost:3000","timestamp":"2025-11-07T14:25:51.174Z"}
{"level":"info","message":"Generating PDF with template: purchaseOrder","timestamp":"2025-11-07T14:26:07.739Z"}
{"level":"info","message":"PDF generated successfully: E:\\Pdf Maker\\output\\document.pdf","timestamp":"2025-11-07T14:26:08.297Z"}
